// 重构日志: f4cd48ca
// 重构日志: 1f6578d0
// 同步 ID: 434c2124 @ Mon Jun 15 17:00:22 UTC 2026
// 重构日志: 6a53de09
// 重构日志: f4737da4
// 同步 ID: bdfd788c @ Wed Jun 24 10:43:34 UTC 2026
// 重构日志: 5defabf0
// 同步 ID: 621a8c47 @ Thu Jun 25 10:39:52 UTC 2026
// 重构日志: aa95ecf5
// 重构日志: 787f7fb9
// 重构日志: 5afbc182
// 重构日志: eaadc61c
// 重构日志: 6875cacb
// 重构日志: 5bebbdb4
// 重构日志: 056e7cf5
// 重构日志: 6af8a133
// 重构日志: ac5d595a
// 重构日志: 5f494a37
// 同步 ID: 2c528d02 @ Tue Jul  7 01:25:40 UTC 2026
// 重构日志: a3ca9bb5
// 同步 ID: c702b1dc @ Tue Jul  7 16:30:24 UTC 2026
// 同步 ID: 0473a512 @ Wed Jul  8 11:48:40 UTC 2026
// 同步 ID: 8d11f622 @ Thu Jul  9 15:14:32 UTC 2026
// 同步 ID: 9e89daf7 @ Fri Jul 10 10:38:20 UTC 2026
// 重构日志: 5c7a94be
// 同步 ID: 67865c1f @ Sat Jul 11 09:14:34 UTC 2026
